Thu Jun  3 14:50:55 1999 :: spell_mana_transfer: not touched
Thu Jun  3 14:50:55 1999 :: spell_plant_form: not touched
Thu Jun  3 14:51:00 1999 :: fix_exits: 4121:0 -> 41212:2 -> 41213.
Thu Jun  3 14:51:00 1999 :: fix_exits: 120013:0 -> 120006:2 -> 120014.
Thu Jun  3 14:51:00 1999 :: fix_exits: 40202:3 -> 40206:1 -> 40207.
Thu Jun  3 14:51:00 1999 :: fix_exits: 40202:5 -> 40200:4 -> 40201.
Thu Jun  3 14:51:00 1999 :: fix_exits: 40203:4 -> 40205:5 -> 40204.
Thu Jun  3 14:51:00 1999 :: fix_exits: 40205:1 -> 40203:3 -> 40208.
Thu Jun  3 14:51:00 1999 :: fix_exits: 40206:4 -> 40202:5 -> 40200.
Thu Jun  3 14:51:00 1999 :: fix_exits: 297:3 -> 206:1 -> 205.
Thu Jun  3 14:51:00 1999 :: fix_exits: 33131:5 -> 3054:4 -> 1215.
Thu Jun  3 14:51:00 1999 :: fix_exits: 33176:0 -> 33176:2 -> 33178.
Thu Jun  3 14:51:00 1999 :: fix_exits: 9735:2 -> 9736:0 -> 17271.
Thu Jun  3 14:51:00 1999 :: fix_exits: 33302:1 -> 33304:3 -> 33306.
Thu Jun  3 14:51:00 1999 :: fix_exits: 33303:1 -> 33304:3 -> 33306.
Thu Jun  3 14:51:00 1999 :: fix_exits: 33306:0 -> 33304:2 -> 33305.
Thu Jun  3 14:51:00 1999 :: fix_exits: 33306:3 -> 33304:1 -> 33305.
Thu Jun  3 14:51:00 1999 :: fix_exits: 33307:1 -> 33305:3 -> 33304.
Thu Jun  3 14:51:00 1999 :: fix_exits: 33307:2 -> 33305:0 -> 33304.
Thu Jun  3 14:51:00 1999 :: fix_exits: 33307:3 -> 33304:1 -> 33305.
Thu Jun  3 14:51:00 1999 :: fix_exits: 33309:0 -> 33304:2 -> 33305.
Thu Jun  3 14:51:00 1999 :: fix_exits: 33309:1 -> 33306:3 -> 33304.
Thu Jun  3 14:51:00 1999 :: fix_exits: 33309:2 -> 33305:0 -> 33304.
Thu Jun  3 14:51:00 1999 :: fix_exits: 4716:2 -> 4708:0 -> 4717.
Thu Jun  3 14:51:00 1999 :: fix_exits: 27346:0 -> 27346:2 -> 27345.
Thu Jun  3 14:51:00 1999 :: fix_exits: 27347:3 -> 27346:1 -> 27349.
Thu Jun  3 14:51:00 1999 :: fix_exits: 27349:0 -> 27349:2 -> 27348.
Thu Jun  3 14:51:00 1999 :: fix_exits: 27352:0 -> 27352:2 -> 27351.
Thu Jun  3 14:51:00 1999 :: fix_exits: 27352:3 -> 27569:1 -> 27551.
Thu Jun  3 14:51:00 1999 :: fix_exits: 27355:2 -> 27391:0 -> 27356.
Thu Jun  3 14:51:00 1999 :: fix_exits: 13020:1 -> 13025:3 -> 13019.
Thu Jun  3 14:51:00 1999 :: fix_exits: 27363:0 -> 27537:2 -> 27557.
Thu Jun  3 14:51:00 1999 :: fix_exits: 27363:3 -> 27572:1 -> 27571.
Thu Jun  3 14:51:00 1999 :: fix_exits: 27365:0 -> 27536:2 -> 27566.
Thu Jun  3 14:51:00 1999 :: fix_exits: 27365:2 -> 27533:0 -> 27561.
Thu Jun  3 14:51:00 1999 :: fix_exits: 27366:2 -> 27533:0 -> 27561.
Thu Jun  3 14:51:00 1999 :: fix_exits: 27366:3 -> 27557:1 -> 27557.
Thu Jun  3 14:51:00 1999 :: fix_exits: 27367:0 -> 27555:2 -> 27552.
Thu Jun  3 14:51:00 1999 :: fix_exits: 27367:1 -> 27536:3 -> 27535.
Thu Jun  3 14:51:00 1999 :: fix_exits: 27368:0 -> 27560:2 -> 27561.
Thu Jun  3 14:51:00 1999 :: fix_exits: 27368:2 -> 27533:0 -> 27561.
Thu Jun  3 14:51:00 1999 :: fix_exits: 27369:0 -> 27537:2 -> 27557.
Thu Jun  3 14:51:00 1999 :: fix_exits: 27369:3 -> 27557:1 -> 27557.
Thu Jun  3 14:51:00 1999 :: fix_exits: 27370:1 -> 27533:3 -> 27536.
Thu Jun  3 14:51:00 1999 :: fix_exits: 27370:2 -> 27536:0 -> 27544.
Thu Jun  3 14:51:00 1999 :: fix_exits: 27371:0 -> 27557:2 -> 27558.
Thu Jun  3 14:51:00 1999 :: fix_exits: 27371:2 -> 27535:0 -> 27540.
Thu Jun  3 14:51:00 1999 :: fix_exits: 27372:2 -> 27534:0 -> 27542.
Thu Jun  3 14:51:00 1999 :: fix_exits: 27372:3 -> 27474:1 -> 27534.
Thu Jun  3 14:51:00 1999 :: fix_exits: 27373:1 -> 27557:3 -> 27533.
Thu Jun  3 14:51:00 1999 :: fix_exits: 27376:2 -> 27474:0 -> 27474.
Thu Jun  3 14:51:00 1999 :: fix_exits: 13053:2 -> 13052:0 -> 13052.
Thu Jun  3 14:51:00 1999 :: fix_exits: 27391:1 -> 27391:3 -> 27453.
Thu Jun  3 14:51:00 1999 :: fix_exits: 27391:2 -> 27391:0 -> 27356.
Thu Jun  3 14:51:00 1999 :: fix_exits: 27398:2 -> 27398:0 -> 27405.
Thu Jun  3 14:51:00 1999 :: fix_exits: 27412:0 -> 27412:2 -> 27409.
Thu Jun  3 14:51:00 1999 :: fix_exits: 27413:0 -> 27413:2 -> 27408.
Thu Jun  3 14:51:00 1999 :: fix_exits: 27419:3 -> 27419:1 -> 27425.
Thu Jun  3 14:51:00 1999 :: fix_exits: 27420:1 -> 27425:3 -> 27419.
Thu Jun  3 14:51:00 1999 :: fix_exits: 27420:3 -> 27420:1 -> 27425.
Thu Jun  3 14:51:00 1999 :: fix_exits: 27421:0 -> 27421:2 -> 27420.
Thu Jun  3 14:51:00 1999 :: fix_exits: 27421:1 -> 27425:3 -> 27419.
Thu Jun  3 14:51:00 1999 :: fix_exits: 27421:3 -> 27421:1 -> 27425.
Thu Jun  3 14:51:00 1999 :: fix_exits: 27432:3 -> 27432:1 -> 27431.
Thu Jun  3 14:51:00 1999 :: fix_exits: 27433:3 -> 27433:1 -> 27435.
Thu Jun  3 14:51:00 1999 :: fix_exits: 27434:0 -> 27434:2 -> 27433.
Thu Jun  3 14:51:00 1999 :: fix_exits: 27434:3 -> 27434:1 -> 27436.
Thu Jun  3 14:51:00 1999 :: fix_exits: 27435:1 -> 27430:3 -> 27431.
Thu Jun  3 14:51:00 1999 :: fix_exits: 27436:0 -> 27436:2 -> 27435.
Thu Jun  3 14:51:00 1999 :: fix_exits: 27436:1 -> 27430:3 -> 27431.
Thu Jun  3 14:51:00 1999 :: fix_exits: 27437:3 -> 27437:1 -> 27442.
Thu Jun  3 14:51:00 1999 :: fix_exits: 27438:3 -> 27438:1 -> 27441.
Thu Jun  3 14:51:00 1999 :: fix_exits: 27439:0 -> 27439:2 -> 27438.
Thu Jun  3 14:51:00 1999 :: fix_exits: 27439:3 -> 27439:1 -> 27440.
Thu Jun  3 14:51:00 1999 :: fix_exits: 27440:0 -> 27440:2 -> 27441.
Thu Jun  3 14:51:00 1999 :: fix_exits: 27444:1 -> 27447:3 -> 27443.
Thu Jun  3 14:51:00 1999 :: fix_exits: 27445:0 -> 27445:2 -> 27444.
Thu Jun  3 14:51:00 1999 :: fix_exits: 27445:1 -> 27447:3 -> 27443.
Thu Jun  3 14:51:00 1999 :: fix_exits: 27446:0 -> 27439:2 -> 27438.
Thu Jun  3 14:51:00 1999 :: fix_exits: 27447:0 -> 27439:2 -> 27438.
Thu Jun  3 14:51:00 1999 :: fix_exits: 27448:2 -> 27448:0 -> 27397.
Thu Jun  3 14:51:00 1999 :: fix_exits: 27448:3 -> 27448:1 -> 27449.
Thu Jun  3 14:51:00 1999 :: fix_exits: 27449:2 -> 27449:0 -> 27396.
Thu Jun  3 14:51:00 1999 :: fix_exits: 27455:1 -> 27455:3 -> 27456.
Thu Jun  3 14:51:00 1999 :: fix_exits: 27455:2 -> 27455:0 -> 27453.
Thu Jun  3 14:51:00 1999 :: fix_exits: 27456:2 -> 27456:0 -> 27452.
Thu Jun  3 14:51:00 1999 :: fix_exits: 27457:2 -> 27457:0 -> 27451.
Thu Jun  3 14:51:00 1999 :: fix_exits: 27458:2 -> 27458:0 -> 27450.
Thu Jun  3 14:51:00 1999 :: fix_exits: 27458:3 -> 27458:1 -> 27457.
Thu Jun  3 14:51:00 1999 :: fix_exits: 27464:1 -> 27464:3 -> 27510.
Thu Jun  3 14:51:00 1999 :: fix_exits: 27466:3 -> 27466:1 -> 27465.
Thu Jun  3 14:51:00 1999 :: fix_exits: 27470:0 -> 27470:2 -> 27469.
Thu Jun  3 14:51:00 1999 :: fix_exits: 27471:0 -> 27471:2 -> 27472.
Thu Jun  3 14:51:00 1999 :: fix_exits: 27473:0 -> 27473:2 -> 27511.
Thu Jun  3 14:51:00 1999 :: fix_exits: 27474:0 -> 27474:2 -> 27556.
Thu Jun  3 14:51:00 1999 :: fix_exits: 27474:3 -> 27547:1 -> 27547.
Thu Jun  3 14:51:00 1999 :: fix_exits: 27475:1 -> 27474:3 -> 27547.
Thu Jun  3 14:51:00 1999 :: fix_exits: 12124:1 -> 12154:3 -> 12154.
Thu Jun  3 14:51:00 1999 :: fix_exits: 12125:1 -> 12153:3 -> 12153.
Thu Jun  3 14:51:00 1999 :: fix_exits: 12126:3 -> 12152:1 -> 12152.
Thu Jun  3 14:51:00 1999 :: fix_exits: 27487:2 -> 27496:0 -> 27495.
Thu Jun  3 14:51:00 1999 :: fix_exits: 12127:3 -> 12151:1 -> 12151.
Thu Jun  3 14:51:00 1999 :: fix_exits: 27491:2 -> 27496:0 -> 27495.
Thu Jun  3 14:51:00 1999 :: fix_exits: 27491:3 -> 27496:1 -> 27487.
Thu Jun  3 14:51:00 1999 :: fix_exits: 27496:2 -> 27496:0 -> 27495.
Thu Jun  3 14:51:00 1999 :: fix_exits: 27497:3 -> 27497:1 -> 27496.
Thu Jun  3 14:51:00 1999 :: fix_exits: 27499:3 -> 27499:1 -> 27494.
Thu Jun  3 14:51:00 1999 :: fix_exits: 27500:3 -> 27500:1 -> 27493.
Thu Jun  3 14:51:00 1999 :: fix_exits: 27501:0 -> 27501:2 -> 27510.
Thu Jun  3 14:51:00 1999 :: fix_exits: 27502:3 -> 27502:1 -> 27498.
Thu Jun  3 14:51:00 1999 :: fix_exits: 27503:3 -> 27503:1 -> 27506.
Thu Jun  3 14:51:00 1999 :: fix_exits: 27504:0 -> 27504:2 -> 27503.
Thu Jun  3 14:51:00 1999 :: fix_exits: 27504:3 -> 27504:1 -> 27505.
Thu Jun  3 14:51:00 1999 :: fix_exits: 27505:0 -> 27505:2 -> 27506.
Thu Jun  3 14:51:00 1999 :: fix_exits: 27507:0 -> 27507:2 -> 27464.
Thu Jun  3 14:51:00 1999 :: fix_exits: 27507:1 -> 27507:3 -> 27501.
Thu Jun  3 14:51:00 1999 :: fix_exits: 27511:3 -> 27504:1 -> 27505.
Thu Jun  3 14:51:00 1999 :: fix_exits: 27518:2 -> 27391:0 -> 27356.
Thu Jun  3 14:51:00 1999 :: fix_exits: 27533:0 -> 27561:2 -> 27561.
Thu Jun  3 14:51:00 1999 :: fix_exits: 27533:2 -> 27533:0 -> 27561.
Thu Jun  3 14:51:00 1999 :: fix_exits: 27534:0 -> 27542:2 -> 27539.
Thu Jun  3 14:51:00 1999 :: fix_exits: 27535:0 -> 27540:2 -> 27565.
Thu Jun  3 14:51:00 1999 :: fix_exits: 27535:2 -> 27533:0 -> 27561.
Thu Jun  3 14:51:00 1999 :: fix_exits: 27536:0 -> 27544:2 -> 27544.
Thu Jun  3 14:51:00 1999 :: fix_exits: 27536:2 -> 27566:0 -> 27566.
Thu Jun  3 14:51:00 1999 :: fix_exits: 27537:0 -> 27549:2 -> 27565.
Thu Jun  3 14:51:00 1999 :: fix_exits: 27537:2 -> 27557:0 -> 27557.
Thu Jun  3 14:51:00 1999 :: fix_exits: 27537:3 -> 27572:1 -> 27571.
Thu Jun  3 14:51:00 1999 :: fix_exits: 27538:1 -> 27543:3 -> 27542.
Thu Jun  3 14:51:00 1999 :: fix_exits: 27538:2 -> 27534:0 -> 27542.
Thu Jun  3 14:51:00 1999 :: fix_exits: 27540:2 -> 27565:0 -> 27474.
Thu Jun  3 14:51:00 1999 :: fix_exits: 27540:3 -> 27559:1 -> 27536.
Thu Jun  3 14:51:00 1999 :: fix_exits: 27541:0 -> 27550:2 -> 27571.
Thu Jun  3 14:51:00 1999 :: fix_exits: 27541:3 -> 27536:1 -> 27533.
Thu Jun  3 14:51:00 1999 :: fix_exits: 27542:0 -> 27542:2 -> 27539.
Thu Jun  3 14:51:00 1999 :: fix_exits: 27543:0 -> 27533:2 -> 27533.
Thu Jun  3 14:51:00 1999 :: fix_exits: 27543:1 -> 27546:3 -> 27554.
Thu Jun  3 14:51:00 1999 :: fix_exits: 27544:2 -> 27544:0 -> 27543.
Thu Jun  3 14:51:00 1999 :: fix_exits: 27545:2 -> 27547:0 -> 27542.
Thu Jun  3 14:51:00 1999 :: fix_exits: 27546:1 -> 27572:3 -> 27573.
Thu Jun  3 14:51:00 1999 :: fix_exits: 27546:3 -> 27554:1 -> 27554.
Thu Jun  3 14:51:00 1999 :: fix_exits: 47002:5 -> 1220:4 -> 1221.
Thu Jun  3 14:51:00 1999 :: fix_exits: 27547:0 -> 27542:2 -> 27539.
Thu Jun  3 14:51:00 1999 :: fix_exits: 27547:1 -> 27547:3 -> 27548.
Thu Jun  3 14:51:00 1999 :: fix_exits: 27548:2 -> 27543:0 -> 27533.
Thu Jun  3 14:51:00 1999 :: fix_exits: 27549:0 -> 27552:2 -> 27552.
Thu Jun  3 14:51:00 1999 :: fix_exits: 27549:2 -> 27565:0 -> 27474.
Thu Jun  3 14:51:00 1999 :: fix_exits: 27550:2 -> 27571:0 -> 27568.
Thu Jun  3 14:51:00 1999 :: fix_exits: 27550:3 -> 27543:1 -> 27546.
Thu Jun  3 14:51:00 1999 :: fix_exits: 27551:0 -> 27545:2 -> 27547.
Thu Jun  3 14:51:00 1999 :: fix_exits: 27551:3 -> 27558:1 -> 27569.
Thu Jun  3 14:51:00 1999 :: fix_exits: 27552:0 -> 27543:2 -> 27544.
Thu Jun  3 14:51:00 1999 :: fix_exits: 27552:2 -> 27552:0 -> 27543.
Thu Jun  3 14:51:00 1999 :: fix_exits: 27553:1 -> 27562:3 -> 27546.
Thu Jun  3 14:51:00 1999 :: fix_exits: 27554:0 -> 27557:2 -> 27558.
Thu Jun  3 14:51:00 1999 :: fix_exits: 27554:1 -> 27554:3 -> 27555.
Thu Jun  3 14:51:00 1999 :: fix_exits: 27555:2 -> 27552:0 -> 27543.
Thu Jun  3 14:51:00 1999 :: fix_exits: 27556:2 -> 27551:0 -> 27545.
Thu Jun  3 14:51:00 1999 :: fix_exits: 27556:3 -> 27564:1 -> 27563.
Thu Jun  3 14:51:00 1999 :: fix_exits: 27557:0 -> 27557:2 -> 27558.
Thu Jun  3 14:51:00 1999 :: fix_exits: 27557:1 -> 27557:3 -> 27533.
Thu Jun  3 14:51:00 1999 :: fix_exits: 27558:1 -> 27569:3 -> 27568.
Thu Jun  3 14:51:00 1999 :: fix_exits: 27558:3 -> 27565:1 -> 27539.
Thu Jun  3 14:51:00 1999 :: fix_exits: 27559:1 -> 27536:3 -> 27535.
Thu Jun  3 14:51:00 1999 :: fix_exits: 27559:3 -> 27564:1 -> 27563.
Thu Jun  3 14:51:00 1999 :: fix_exits: 27560:1 -> 27540:3 -> 27559.
Thu Jun  3 14:51:00 1999 :: fix_exits: 27560:3 -> 27560:1 -> 27540.
Thu Jun  3 14:51:00 1999 :: fix_exits: 27561:1 -> 27551:3 -> 27558.
Thu Jun  3 14:51:00 1999 :: fix_exits: 27561:2 -> 27561:0 -> 27560.
Thu Jun  3 14:51:00 1999 :: fix_exits: 27562:2 -> 27570:0 -> 27569.
Thu Jun  3 14:51:00 1999 :: fix_exits: 27562:3 -> 27546:1 -> 27572.
Thu Jun  3 14:51:00 1999 :: fix_exits: 27564:1 -> 27563:3 -> 27563.
Thu Jun  3 14:51:00 1999 :: fix_exits: 27564:3 -> 27539:1 -> 27544.
Thu Jun  3 14:51:00 1999 :: fix_exits: 27565:0 -> 27474:2 -> 27556.
Thu Jun  3 14:51:00 1999 :: fix_exits: 27565:1 -> 27539:3 -> 27540.
Thu Jun  3 14:51:00 1999 :: fix_exits: 27566:0 -> 27566:2 -> 27567.
Thu Jun  3 14:51:00 1999 :: fix_exits: 27566:3 -> 27554:1 -> 27554.
Thu Jun  3 14:51:00 1999 :: fix_exits: 27567:1 -> 27564:3 -> 27539.
Thu Jun  3 14:51:00 1999 :: fix_exits: 27567:3 -> 27553:1 -> 27562.
Thu Jun  3 14:51:00 1999 :: fix_exits: 27569:0 -> 27569:2 -> 27570.
Thu Jun  3 14:51:00 1999 :: fix_exits: 27569:1 -> 27551:3 -> 27558.
Thu Jun  3 14:51:00 1999 :: fix_exits: 27570:1 -> 27352:3 -> 27569.
Thu Jun  3 14:51:00 1999 :: fix_exits: 27570:2 -> 27363:0 -> 27537.
Thu Jun  3 14:51:00 1999 :: fix_exits: 27571:2 -> 27556:0 -> 27474.
Thu Jun  3 14:51:00 1999 :: fix_exits: 50100:0 -> 50100:2 -> 50101.
Thu Jun  3 14:51:00 1999 :: fix_exits: 50100:3 -> 50100:1 -> 50005.
Thu Jun  3 14:51:00 1999 :: fix_exits: 27572:0 -> 27557:2 -> 27558.
Thu Jun  3 14:51:00 1999 :: fix_exits: 27572:2 -> 27368:0 -> 27560.
Thu Jun  3 14:51:00 1999 :: fix_exits: 50101:2 -> 50101:0 -> 50100.
Thu Jun  3 14:51:00 1999 :: fix_exits: 50101:3 -> 50100:1 -> 50005.
Thu Jun  3 14:51:00 1999 :: fix_exits: 27573:0 -> 27544:2 -> 27544.
Thu Jun  3 14:51:00 1999 :: fix_exits: 27573:2 -> 27369:0 -> 27537.
Thu Jun  3 14:51:00 1999 :: fix_exits: 27573:3 -> 27546:1 -> 27572.
Thu Jun  3 14:51:00 1999 :: fix_exits: 50102:0 -> 50103:2 -> 50103.
Thu Jun  3 14:51:00 1999 :: fix_exits: 50102:1 -> 50101:3 -> 50100.
Thu Jun  3 14:51:00 1999 :: fix_exits: 50102:2 -> 50102:0 -> 50103.
Thu Jun  3 14:51:00 1999 :: fix_exits: 27574:1 -> 27448:3 -> 27448.
Thu Jun  3 14:51:00 1999 :: fix_exits: 27574:2 -> 27574:0 -> 27399.
Thu Jun  3 14:51:00 1999 :: fix_exits: 27574:3 -> 27458:1 -> 27457.
Thu Jun  3 14:51:00 1999 :: fix_exits: 50103:0 -> 50102:2 -> 50102.
Thu Jun  3 14:51:00 1999 :: fix_exits: 50103:1 -> 50102:3 -> 50101.
Thu Jun  3 14:51:00 1999 :: fix_exits: 50103:2 -> 50103:0 -> 50102.
Thu Jun  3 14:51:00 1999 :: fix_exits: 50103:3 -> 50104:1 -> 50104.
Thu Jun  3 14:51:00 1999 :: fix_exits: 50104:0 -> 50104:2 -> 50103.
Thu Jun  3 14:51:00 1999 :: fix_exits: 50104:1 -> 50104:3 -> 50105.
Thu Jun  3 14:51:00 1999 :: fix_exits: 50104:2 -> 50103:0 -> 50102.
Thu Jun  3 14:51:00 1999 :: fix_exits: 50104:3 -> 50105:1 -> 50106.
Thu Jun  3 14:51:00 1999 :: fix_exits: 50105:0 -> 50104:2 -> 50103.
Thu Jun  3 14:51:00 1999 :: fix_exits: 50105:2 -> 50100:0 -> 50100.
Thu Jun  3 14:51:00 1999 :: fix_exits: 50105:3 -> 50104:1 -> 50104.
Thu Jun  3 14:51:00 1999 :: fix_exits: 50106:0 -> 50107:2 -> 50101.
Thu Jun  3 14:51:00 1999 :: fix_exits: 50106:1 -> 50101:3 -> 50100.
Thu Jun  3 14:51:00 1999 :: fix_exits: 50106:2 -> 50106:0 -> 50107.
Thu Jun  3 14:51:00 1999 :: fix_exits: 50107:0 -> 50105:2 -> 50100.
Thu Jun  3 14:51:00 1999 :: fix_exits: 50107:1 -> 50103:3 -> 50104.
Thu Jun  3 14:51:00 1999 :: fix_exits: 50107:2 -> 50101:0 -> 50100.
Thu Jun  3 14:51:00 1999 :: fix_exits: 50107:3 -> 50108:1 -> 50105.
Thu Jun  3 14:51:00 1999 :: fix_exits: 50108:0 -> 50106:2 -> 50106.
Thu Jun  3 14:51:00 1999 :: fix_exits: 50108:1 -> 50105:3 -> 50104.
Thu Jun  3 14:51:00 1999 :: fix_exits: 50108:2 -> 50109:0 -> 50107.
Thu Jun  3 14:51:00 1999 :: fix_exits: 50108:3 -> 50104:1 -> 50104.
Thu Jun  3 14:51:00 1999 :: fix_exits: 50109:0 -> 50107:2 -> 50101.
Thu Jun  3 14:51:00 1999 :: fix_exits: 50109:1 -> 50110:3 -> 50112.
Thu Jun  3 14:51:00 1999 :: fix_exits: 50109:2 -> 50107:0 -> 50105.
Thu Jun  3 14:51:00 1999 :: fix_exits: 50109:3 -> 50103:1 -> 50102.
Thu Jun  3 14:51:00 1999 :: fix_exits: 50110:0 -> 50111:2 -> 50108.
Thu Jun  3 14:51:00 1999 :: fix_exits: 50110:1 -> 50107:3 -> 50108.
Thu Jun  3 14:51:00 1999 :: fix_exits: 50110:2 -> 50102:0 -> 50103.
Thu Jun  3 14:51:00 1999 :: fix_exits: 50110:3 -> 50112:1 -> 50111.
Thu Jun  3 14:51:00 1999 :: fix_exits: 50111:0 -> 50103:2 -> 50103.
Thu Jun  3 14:51:00 1999 :: fix_exits: 50111:1 -> 50109:3 -> 50103.
Thu Jun  3 14:51:00 1999 :: fix_exits: 50111:2 -> 50108:0 -> 50106.
Thu Jun  3 14:51:00 1999 :: fix_exits: 50112:0 -> 50104:2 -> 50103.
Thu Jun  3 14:51:00 1999 :: fix_exits: 50112:2 -> 50113:0 -> 50106.
Thu Jun  3 14:51:00 1999 :: fix_exits: 50112:3 -> 50111:1 -> 50109.
Thu Jun  3 14:51:00 1999 :: fix_exits: 50113:0 -> 50106:2 -> 50106.
Thu Jun  3 14:51:00 1999 :: fix_exits: 50113:1 -> 50114:3 -> 50114.
Thu Jun  3 14:51:00 1999 :: fix_exits: 50113:2 -> 50103:0 -> 50102.
Thu Jun  3 14:51:00 1999 :: fix_exits: 50113:3 -> 50110:1 -> 50107.
Thu Jun  3 14:51:00 1999 :: fix_exits: 50114:0 -> 50115:2 -> 50111.
Thu Jun  3 14:51:00 1999 :: fix_exits: 50114:1 -> 50113:3 -> 50110.
Thu Jun  3 14:51:00 1999 :: fix_exits: 50114:2 -> 50109:0 -> 50107.
Thu Jun  3 14:51:00 1999 :: fix_exits: 50114:3 -> 50114:1 -> 50113.
Thu Jun  3 14:51:00 1999 :: fix_exits: 50115:0 -> 50108:2 -> 50109.
Thu Jun  3 14:51:00 1999 :: fix_exits: 50115:1 -> 50111:3 -> 50112.
Thu Jun  3 14:51:00 1999 :: fix_exits: 50115:2 -> 50111:0 -> 50103.
Thu Jun  3 14:51:00 1999 :: fix_exits: 50115:3 -> 50116:1 -> 50109.
Thu Jun  3 14:51:00 1999 :: fix_exits: 50116:0 -> 50110:2 -> 50102.
Thu Jun  3 14:51:00 1999 :: fix_exits: 50116:1 -> 50109:3 -> 50103.
Thu Jun  3 14:51:00 1999 :: fix_exits: 50116:2 -> 50117:0 -> 50112.
Thu Jun  3 14:51:00 1999 :: fix_exits: 50116:3 -> 50115:1 -> 50111.
Thu Jun  3 14:51:00 1999 :: fix_exits: 50117:0 -> 50112:2 -> 50113.
Thu Jun  3 14:51:00 1999 :: fix_exits: 50117:2 -> 50115:0 -> 50108.
Thu Jun  3 14:51:00 1999 :: fix_exits: 50117:3 -> 50116:1 -> 50109.
Thu Jun  3 14:51:00 1999 :: fix_exits: 50118:0 -> 50114:2 -> 50109.
Thu Jun  3 14:51:00 1999 :: fix_exits: 50118:1 -> 50111:3 -> 50112.
Thu Jun  3 14:51:00 1999 :: fix_exits: 50118:2 -> 50119:0 -> 50116.
Thu Jun  3 14:51:00 1999 :: fix_exits: 50119:0 -> 50116:2 -> 50117.
Thu Jun  3 14:51:00 1999 :: fix_exits: 50119:1 -> 50113:3 -> 50110.
Thu Jun  3 14:51:00 1999 :: fix_exits: 50119:2 -> 50117:0 -> 50112.
Thu Jun  3 14:51:00 1999 :: fix_exits: 50119:3 -> 50120:1 -> 50117.
Thu Jun  3 14:51:00 1999 :: fix_exits: 50120:1 -> 50117:3 -> 50116.
Thu Jun  3 14:51:00 1999 :: fix_exits: 50120:2 -> 50119:0 -> 50116.
Thu Jun  3 14:51:00 1999 :: fix_exits: 50120:3 -> 50118:1 -> 50111.
Thu Jun  3 14:51:00 1999 :: fix_exits: 50121:0 -> 50121:2 -> 50120.
Thu Jun  3 14:51:00 1999 :: fix_exits: 50121:1 -> 50122:3 -> 50120.
Thu Jun  3 14:51:00 1999 :: fix_exits: 50121:3 -> 50119:1 -> 50113.
Thu Jun  3 14:51:00 1999 :: fix_exits: 50122:0 -> 50123:2 -> 50117.
Thu Jun  3 14:51:00 1999 :: fix_exits: 50122:1 -> 50118:3 -> 50117.
Thu Jun  3 14:51:00 1999 :: fix_exits: 50122:2 -> 50119:0 -> 50116.
Thu Jun  3 14:51:00 1999 :: fix_exits: 50122:3 -> 50120:1 -> 50117.
Thu Jun  3 14:51:00 1999 :: fix_exits: 50123:0 -> 50115:2 -> 50111.
Thu Jun  3 14:51:00 1999 :: fix_exits: 50123:1 -> 50116:3 -> 50115.
Thu Jun  3 14:51:00 1999 :: fix_exits: 50123:2 -> 50117:0 -> 50112.
Thu Jun  3 14:51:00 1999 :: fix_exits: 50123:3 -> 50124:1 -> 50113.
Thu Jun  3 14:51:00 1999 :: fix_exits: 50124:0 -> 50112:2 -> 50113.
Thu Jun  3 14:51:00 1999 :: fix_exits: 50124:1 -> 50113:3 -> 50110.
Thu Jun  3 14:51:00 1999 :: fix_exits: 50124:3 -> 114:1 -> 109.
Thu Jun  3 14:51:04 1999 :: [*****] BUG: Affect_modify: unknown location 7.
Thu Jun  3 14:51:04 1999 :: [*****] BUG: Affect_modify: unknown location 7.
Thu Jun  3 14:51:04 1999 :: [*****] BUG: Equip_char: already equipped (14).
Thu Jun  3 14:51:04 1999 :: [*****] BUG: Affect_modify: unknown location 7.
Thu Jun  3 14:51:04 1999 :: [*****] BUG: Affect_modify: unknown location 7.
Thu Jun  3 14:51:04 1999 :: [*****] BUG: Affect_modify: unknown location 7.
Thu Jun  3 14:51:04 1999 :: [*****] BUG: Affect_modify: unknown location 7.
Thu Jun  3 14:51:04 1999 :: [*****] BUG: Equip_char: already equipped (16).
Thu Jun  3 14:51:04 1999 :: ready to rock on port 4000.
Thu Jun  3 14:51:04 1999 :: info service started on port 4001.
Thu Jun  3 15:47:46 1999 :: sock.sinaddr: 208.242.83.236
Thu Jun  3 15:47:54 1999 :: Loading Erebus.
Thu Jun  3 15:47:54 1999 :: resolver_loop: Erebus@208.242.83.236
Thu Jun  3 15:47:55 1999 :: resolv_done: Erebus@pm2-1.ppp27.wmol.com
Thu Jun  3 15:47:57 1999 :: Loading Erebus.
Thu Jun  3 15:47:57 1999 :: Erebus@pm2-1.ppp27.wmol.com has connected.
Thu Jun  3 15:48:17 1999 :: [*****] BUG: Equip_char: already equipped (16).
Thu Jun  3 15:48:21 1999 :: sock.sinaddr: 167.206.60.154
Thu Jun  3 15:48:22 1999 :: Loading Momo.
Thu Jun  3 15:48:22 1999 :: resolver_loop: Momo@167.206.60.154
Thu Jun  3 15:48:22 1999 :: resolv_done: Momo@bab60-154.optonline.net
Thu Jun  3 15:48:22 1999 :: Loading Momo.
Thu Jun  3 15:48:23 1999 :: Momo@bab60-154.optonline.net has connected.
Thu Jun  3 15:59:51 1999 :: Log Momo: load obj 7
Thu Jun  3 16:00:03 1999 :: Log Momo: load obj 3094
Thu Jun  3 16:00:04 1999 :: Log Momo: load obj 3093
Thu Jun  3 16:00:05 1999 :: Log Momo: load obj 3093
Thu Jun  3 16:00:06 1999 :: Log Momo: load obj 3093
Thu Jun  3 16:00:59 1999 :: Log Momo: switch fido
Thu Jun  3 16:01:12 1999 :: Log Momo: set mob fido level 30
Thu Jun  3 16:01:15 1999 :: Log Momo: switch fido
Thu Jun  3 16:02:55 1999 :: Log Erebus: load mob 1706
Thu Jun  3 16:03:15 1999 :: Log Erebus: load obj 7
Thu Jun  3 16:03:24 1999 :: Log Erebus: load obj 3093
Thu Jun  3 16:03:38 1999 :: Log Erebus: switch ran
Thu Jun  3 16:03:54 1999 :: Log Erebus: set obj arrow level 1
Thu Jun  3 16:03:57 1999 :: Log Erebus: switch ran
Thu Jun  3 16:04:24 1999 :: Log Erebus: purge
Thu Jun  3 16:04:28 1999 :: Log Erebus: switch ran
Thu Jun  3 16:04:37 1999 :: Log Erebus: set obj arr level 1
Thu Jun  3 16:04:39 1999 :: Log Erebus: switch ran
Thu Jun  3 16:05:10 1999 :: Log Erebus: force ran rest
Thu Jun  3 16:20:50 1999 :: Log Momo: load obj 6802
Thu Jun  3 16:35:39 1999 :: EOF encountered on read.
Thu Jun  3 16:35:39 1999 :: Closing link to Momo.
Thu Jun  3 16:36:03 1999 :: Erebus has quit.
Thu Jun  3 16:55:30 1999 :: sock.sinaddr: 152.171.174.168
Thu Jun  3 16:55:34 1999 :: resolver_loop: Hubbard@152.171.174.168
Thu Jun  3 16:55:34 1999 :: resolv_done: Hubbard@98ABAEA8.ipt.aol.com
Thu Jun  3 17:03:44 1999 :: Levo@98ABAEA8.ipt.aol.com new player.
Thu Jun  3 17:09:52 1999 :: Log troll armored: murder Levo
Read_from_descriptor: Connection reset by peer
Thu Jun  3 17:19:12 1999 :: Closing link to Levo.
Thu Jun  3 17:31:40 1999 :: sock.sinaddr: 167.206.60.154
Thu Jun  3 17:31:40 1999 :: Loading Momo.
Thu Jun  3 17:31:40 1999 :: resolver_loop: Momo@167.206.60.154
Thu Jun  3 17:31:40 1999 :: resolv_done: Momo@bab60-154.optonline.net
Thu Jun  3 17:31:41 1999 :: Momo@bab60-154.optonline.net reconnected.
Thu Jun  3 17:31:50 1999 :: Momo has quit.
Thu Jun  3 17:31:51 1999 :: sock.sinaddr: 167.206.60.154
Thu Jun  3 17:31:51 1999 :: Loading Momo.
Thu Jun  3 17:31:51 1999 :: resolver_loop: Momo@167.206.60.154
Thu Jun  3 17:31:51 1999 :: resolv_done: Momo@bab60-154.optonline.net
Thu Jun  3 17:31:52 1999 :: Loading Momo.
Thu Jun  3 17:31:52 1999 :: Momo@bab60-154.optonline.net has connected.
Thu Jun  3 17:31:54 1999 :: Momo has quit.
Thu Jun  3 17:36:43 1999 :: sock.sinaddr: 208.242.83.226
Thu Jun  3 17:36:50 1999 :: Loading Erebus.
Thu Jun  3 17:36:51 1999 :: resolver_loop: Erebus@208.242.83.226
Thu Jun  3 17:36:51 1999 :: resolv_done: Erebus@pm2-1.ppp17.wmol.com
Thu Jun  3 17:36:53 1999 :: Loading Erebus.
Thu Jun  3 17:36:53 1999 :: Erebus@pm2-1.ppp17.wmol.com has connected.
Thu Jun  3 17:37:29 1999 :: Levo has quit.
Thu Jun  3 17:56:59 1999 :: sock.sinaddr: 203.10.78.228
Thu Jun  3 17:56:59 1999 :: Loading Phantom.
Thu Jun  3 17:57:00 1999 :: resolver_loop: Phantom@203.10.78.228
Thu Jun  3 17:57:00 1999 :: resolv_done: Phantom@fsm2-4.mait.hl.com.au
Thu Jun  3 17:57:01 1999 :: Loading Phantom.
Thu Jun  3 17:57:01 1999 :: Phantom@fsm2-4.mait.hl.com.au has connected.
Thu Jun  3 17:58:16 1999 :: Phantom has quit.
Thu Jun  3 18:03:30 1999 :: sock.sinaddr: 208.242.83.226
Thu Jun  3 18:03:33 1999 :: Loading Phantom.
Thu Jun  3 18:03:33 1999 :: resolver_loop: Phantom@208.242.83.226
Thu Jun  3 18:03:34 1999 :: resolv_done: Phantom@pm2-1.ppp17.wmol.com
Thu Jun  3 18:03:35 1999 :: Wrong password by Phantom@pm2-1.ppp17.wmol.com
Thu Jun  3 18:03:42 1999 :: EOF encountered on read.
Thu Jun  3 18:03:42 1999 :: Closing link to Phantom.
Thu Jun  3 18:14:12 1999 :: sock.sinaddr: 167.206.60.154
Thu Jun  3 18:14:13 1999 :: Loading Momo.
Thu Jun  3 18:14:13 1999 :: resolver_loop: Momo@167.206.60.154
Thu Jun  3 18:14:13 1999 :: resolv_done: Momo@bab60-154.optonline.net
Thu Jun  3 18:14:14 1999 :: Loading Momo.
Thu Jun  3 18:14:14 1999 :: Momo@bab60-154.optonline.net has connected.
Thu Jun  3 18:26:16 1999 :: Log Erebus: slay sam
Thu Jun  3 18:28:23 1999 :: Log Erebus: load obj 18043
Thu Jun  3 18:28:26 1999 :: Log Erebus: load obj 18044
Thu Jun  3 18:28:32 1999 :: Log Erebus: load obj 18045
Thu Jun  3 18:28:35 1999 :: Log Erebus: load obj 18046
Thu Jun  3 18:28:39 1999 :: Log Erebus: load obj 18047
Thu Jun  3 18:28:45 1999 :: Log Erebus: load obj 18048
Thu Jun  3 18:30:18 1999 :: Log Erebus: load obj 5113
Thu Jun  3 18:30:49 1999 :: Log Erebus: load obj 5113
Thu Jun  3 18:34:14 1999 :: EOF encountered on read.
Thu Jun  3 18:34:14 1999 :: Closing link to Momo.
Thu Jun  3 18:51:14 1999 :: Erebus has quit.
