Sun Mar 28 22:36:45 1999 :: spell_mana_transfer: not touched
Sun Mar 28 22:36:45 1999 :: spell_plant_form: not touched
Sun Mar 28 22:36:51 1999 :: fix_exits: 40202:3 -> 40206:1 -> 40207.
Sun Mar 28 22:36:51 1999 :: fix_exits: 40202:5 -> 40200:4 -> 40201.
Sun Mar 28 22:36:51 1999 :: fix_exits: 40203:4 -> 40205:5 -> 40204.
Sun Mar 28 22:36:51 1999 :: fix_exits: 40205:1 -> 40203:3 -> 40208.
Sun Mar 28 22:36:51 1999 :: fix_exits: 40206:4 -> 40202:5 -> 40200.
Sun Mar 28 22:36:51 1999 :: fix_exits: 297:3 -> 206:1 -> 205.
Sun Mar 28 22:36:51 1999 :: fix_exits: 33131:5 -> 3054:4 -> 1215.
Sun Mar 28 22:36:51 1999 :: fix_exits: 33176:0 -> 33176:2 -> 33178.
Sun Mar 28 22:36:51 1999 :: fix_exits: 33302:1 -> 33304:3 -> 33306.
Sun Mar 28 22:36:51 1999 :: fix_exits: 33303:1 -> 33304:3 -> 33306.
Sun Mar 28 22:36:51 1999 :: fix_exits: 33306:0 -> 33304:2 -> 33305.
Sun Mar 28 22:36:51 1999 :: fix_exits: 33306:3 -> 33304:1 -> 33305.
Sun Mar 28 22:36:51 1999 :: fix_exits: 33307:1 -> 33305:3 -> 33304.
Sun Mar 28 22:36:51 1999 :: fix_exits: 33307:2 -> 33305:0 -> 33304.
Sun Mar 28 22:36:51 1999 :: fix_exits: 33307:3 -> 33304:1 -> 33305.
Sun Mar 28 22:36:51 1999 :: fix_exits: 33309:0 -> 33304:2 -> 33305.
Sun Mar 28 22:36:51 1999 :: fix_exits: 33309:1 -> 33306:3 -> 33304.
Sun Mar 28 22:36:51 1999 :: fix_exits: 33309:2 -> 33305:0 -> 33304.
Sun Mar 28 22:36:51 1999 :: fix_exits: 4716:2 -> 4708:0 -> 4717.
Sun Mar 28 22:36:51 1999 :: fix_exits: 27347:3 -> 27346:1 -> 27349.
Sun Mar 28 22:36:51 1999 :: fix_exits: 27355:2 -> 27391:0 -> 27356.
Sun Mar 28 22:36:51 1999 :: fix_exits: 13020:1 -> 13025:3 -> 13019.
Sun Mar 28 22:36:51 1999 :: fix_exits: 27366:3 -> 27533:1 -> 27557.
Sun Mar 28 22:36:51 1999 :: fix_exits: 27370:1 -> 27533:3 -> 27536.
Sun Mar 28 22:36:51 1999 :: fix_exits: 13053:2 -> 13052:0 -> 13052.
Sun Mar 28 22:36:51 1999 :: fix_exits: 27391:1 -> 27391:3 -> 27453.
Sun Mar 28 22:36:51 1999 :: fix_exits: 27391:2 -> 27391:0 -> 27356.
Sun Mar 28 22:36:51 1999 :: fix_exits: 27398:2 -> 27398:0 -> 27405.
Sun Mar 28 22:36:51 1999 :: fix_exits: 27399:2 -> 27399:0 -> 27406.
Sun Mar 28 22:36:51 1999 :: fix_exits: 27412:0 -> 27412:2 -> 27409.
Sun Mar 28 22:36:51 1999 :: fix_exits: 27413:0 -> 27413:2 -> 27408.
Sun Mar 28 22:36:51 1999 :: fix_exits: 27419:3 -> 27419:1 -> 27425.
Sun Mar 28 22:36:51 1999 :: fix_exits: 27420:1 -> 27425:3 -> 27419.
Sun Mar 28 22:36:51 1999 :: fix_exits: 27420:3 -> 27420:1 -> 27425.
Sun Mar 28 22:36:51 1999 :: fix_exits: 27421:0 -> 27421:2 -> 27420.
Sun Mar 28 22:36:51 1999 :: fix_exits: 27421:1 -> 27425:3 -> 27419.
Sun Mar 28 22:36:51 1999 :: fix_exits: 27421:3 -> 27421:1 -> 27425.
Sun Mar 28 22:36:51 1999 :: fix_exits: 27432:3 -> 27432:1 -> 27431.
Sun Mar 28 22:36:51 1999 :: fix_exits: 27433:3 -> 27433:1 -> 27435.
Sun Mar 28 22:36:51 1999 :: fix_exits: 27434:0 -> 27434:2 -> 27433.
Sun Mar 28 22:36:51 1999 :: fix_exits: 27434:3 -> 27434:1 -> 27436.
Sun Mar 28 22:36:51 1999 :: fix_exits: 27435:1 -> 27430:3 -> 27431.
Sun Mar 28 22:36:51 1999 :: fix_exits: 27436:0 -> 27436:2 -> 27435.
Sun Mar 28 22:36:51 1999 :: fix_exits: 27436:1 -> 27430:3 -> 27431.
Sun Mar 28 22:36:51 1999 :: fix_exits: 27437:3 -> 27437:1 -> 27442.
Sun Mar 28 22:36:51 1999 :: fix_exits: 27438:3 -> 27438:1 -> 27441.
Sun Mar 28 22:36:51 1999 :: fix_exits: 27439:0 -> 27439:2 -> 27438.
Sun Mar 28 22:36:51 1999 :: fix_exits: 27439:3 -> 27439:1 -> 27440.
Sun Mar 28 22:36:51 1999 :: fix_exits: 27440:0 -> 27440:2 -> 27441.
Sun Mar 28 22:36:51 1999 :: fix_exits: 27444:1 -> 27447:3 -> 27443.
Sun Mar 28 22:36:51 1999 :: fix_exits: 27445:0 -> 27445:2 -> 27444.
Sun Mar 28 22:36:51 1999 :: fix_exits: 27445:1 -> 27447:3 -> 27443.
Sun Mar 28 22:36:51 1999 :: fix_exits: 27446:0 -> 27439:2 -> 27438.
Sun Mar 28 22:36:51 1999 :: fix_exits: 27447:0 -> 27439:2 -> 27438.
Sun Mar 28 22:36:51 1999 :: fix_exits: 27448:2 -> 27448:0 -> 27397.
Sun Mar 28 22:36:51 1999 :: fix_exits: 27448:3 -> 27448:1 -> 27449.
Sun Mar 28 22:36:51 1999 :: fix_exits: 27449:2 -> 27449:0 -> 27396.
Sun Mar 28 22:36:51 1999 :: fix_exits: 27455:1 -> 27455:3 -> 27456.
Sun Mar 28 22:36:51 1999 :: fix_exits: 27455:2 -> 27455:0 -> 27453.
Sun Mar 28 22:36:51 1999 :: fix_exits: 27456:2 -> 27456:0 -> 27452.
Sun Mar 28 22:36:51 1999 :: fix_exits: 27457:2 -> 27457:0 -> 27451.
Sun Mar 28 22:36:51 1999 :: fix_exits: 27458:2 -> 27458:0 -> 27450.
Sun Mar 28 22:36:51 1999 :: fix_exits: 27458:3 -> 27458:1 -> 27457.
Sun Mar 28 22:36:51 1999 :: fix_exits: 27464:1 -> 27464:3 -> 27510.
Sun Mar 28 22:36:51 1999 :: fix_exits: 27466:3 -> 27466:1 -> 27465.
Sun Mar 28 22:36:51 1999 :: fix_exits: 27470:0 -> 27470:2 -> 27469.
Sun Mar 28 22:36:51 1999 :: fix_exits: 27471:0 -> 27471:2 -> 27472.
Sun Mar 28 22:36:51 1999 :: fix_exits: 27473:0 -> 27473:2 -> 27511.
Sun Mar 28 22:36:51 1999 :: fix_exits: 12124:1 -> 12154:3 -> 12154.
Sun Mar 28 22:36:51 1999 :: fix_exits: 12125:1 -> 12153:3 -> 12153.
Sun Mar 28 22:36:51 1999 :: fix_exits: 12126:3 -> 12152:1 -> 12152.
Sun Mar 28 22:36:51 1999 :: fix_exits: 27487:2 -> 27496:0 -> 27495.
Sun Mar 28 22:36:51 1999 :: fix_exits: 12127:3 -> 12151:1 -> 12151.
Sun Mar 28 22:36:51 1999 :: fix_exits: 27491:2 -> 27496:0 -> 27495.
Sun Mar 28 22:36:51 1999 :: fix_exits: 27491:3 -> 27496:1 -> 27487.
Sun Mar 28 22:36:51 1999 :: fix_exits: 27496:2 -> 27496:0 -> 27495.
Sun Mar 28 22:36:51 1999 :: fix_exits: 27497:3 -> 27497:1 -> 27496.
Sun Mar 28 22:36:51 1999 :: fix_exits: 27499:3 -> 27499:1 -> 27494.
Sun Mar 28 22:36:51 1999 :: fix_exits: 27500:3 -> 27500:1 -> 27493.
Sun Mar 28 22:36:51 1999 :: fix_exits: 27501:0 -> 27501:2 -> 27510.
Sun Mar 28 22:36:51 1999 :: fix_exits: 27502:3 -> 27502:1 -> 27498.
Sun Mar 28 22:36:51 1999 :: fix_exits: 27503:3 -> 27503:1 -> 27506.
Sun Mar 28 22:36:51 1999 :: fix_exits: 27504:0 -> 27504:2 -> 27503.
Sun Mar 28 22:36:51 1999 :: fix_exits: 27504:3 -> 27504:1 -> 27505.
Sun Mar 28 22:36:51 1999 :: fix_exits: 27505:0 -> 27505:2 -> 27506.
Sun Mar 28 22:36:51 1999 :: fix_exits: 27507:0 -> 27507:2 -> 27464.
Sun Mar 28 22:36:51 1999 :: fix_exits: 27507:1 -> 27507:3 -> 27501.
Sun Mar 28 22:36:51 1999 :: fix_exits: 27511:3 -> 27504:1 -> 27505.
Sun Mar 28 22:36:51 1999 :: fix_exits: 27518:2 -> 27391:0 -> 27356.
Sun Mar 28 22:36:51 1999 :: fix_exits: 47002:5 -> 1220:4 -> 1221.
Sun Mar 28 22:36:51 1999 :: fix_exits: 27573:2 -> 27369:0 -> 27537.
Sun Mar 28 22:36:54 1999 :: [*****] BUG: Affect_modify: unknown location 7.
Sun Mar 28 22:36:54 1999 :: [*****] BUG: Equip_char: already equipped (14).
Sun Mar 28 22:36:54 1999 :: [*****] BUG: Affect_modify: unknown location 7.
Sun Mar 28 22:36:54 1999 :: [*****] BUG: Affect_modify: unknown location 7.
Sun Mar 28 22:36:54 1999 :: [*****] BUG: Affect_modify: unknown location 7.
Sun Mar 28 22:36:54 1999 :: [*****] BUG: Affect_modify: unknown location 7.
Sun Mar 28 22:36:54 1999 :: [*****] BUG: Equip_char: already equipped (16).
Sun Mar 28 22:36:54 1999 :: ready to rock on port 4000.
Sun Mar 28 22:36:54 1999 :: info service started on port 4001.
Sun Mar 28 22:37:14 1999 :: sock.sinaddr: 209.123.65.29
Sun Mar 28 22:37:17 1999 :: Loading Momo.
Sun Mar 28 22:37:17 1999 :: resolver_loop: Momo@209.123.65.29
Sun Mar 28 22:37:17 1999 :: resolv_done: Momo@icey.mudsrus.com
Sun Mar 28 22:37:19 1999 :: Loading Momo.
Sun Mar 28 22:37:19 1999 :: Momo@icey.mudsrus.com has connected.
Sun Mar 28 22:48:38 1999 :: sock.sinaddr: 209.213.35.131
Sun Mar 28 22:48:50 1999 :: Loading Asuka.
Sun Mar 28 22:48:50 1999 :: resolver_loop: Asuka@209.213.35.131
Sun Mar 28 22:48:51 1999 :: resolv_done: Asuka@m131.hawaiian.net
Sun Mar 28 22:48:56 1999 :: Wrong password by Asuka@m131.hawaiian.net
Sun Mar 28 22:49:03 1999 :: EOF encountered on read.
Sun Mar 28 22:49:03 1999 :: Closing link to Asuka.
Sun Mar 28 22:49:03 1999 :: sock.sinaddr: 209.213.35.131
Sun Mar 28 22:49:13 1999 :: Loading Ikari.
Sun Mar 28 22:49:13 1999 :: resolver_loop: Ikari@209.213.35.131
Sun Mar 28 22:49:14 1999 :: resolv_done: Ikari@m131.hawaiian.net
Sun Mar 28 22:49:15 1999 :: Loading Ikari.
Sun Mar 28 22:49:15 1999 :: Ikari@m131.hawaiian.net has connected.
Sun Mar 28 22:50:18 1999 :: sock.sinaddr: 152.206.85.15
Sun Mar 28 22:50:22 1999 :: Loading Balinor.
Sun Mar 28 22:50:22 1999 :: resolver_loop: Balinor@152.206.85.15
Sun Mar 28 22:50:22 1999 :: resolv_done: Balinor@98CE550F.ipt.aol.com
Sun Mar 28 22:50:30 1999 :: EOF encountered on read.
Sun Mar 28 22:50:30 1999 :: Closing link to Balinor.
Sun Mar 28 23:01:34 1999 :: sock.sinaddr: 152.204.15.142
Read_from_descriptor: Connection reset by peer
Sun Mar 28 23:06:29 1999 :: Ikari has quit.
Sun Mar 28 23:13:01 1999 :: sock.sinaddr: 208.198.101.50
Sun Mar 28 23:13:05 1999 :: Loading Mercy.
Sun Mar 28 23:13:05 1999 :: resolver_loop: Mercy@208.198.101.50
Sun Mar 28 23:13:05 1999 :: resolv_done: Mercy@ip50.ts1.phx.inficad.com
Sun Mar 28 23:13:08 1999 :: Loading Mercy.
Sun Mar 28 23:13:08 1999 :: Mercy@ip50.ts1.phx.inficad.com has connected.
Sun Mar 28 23:16:01 1999 :: sock.sinaddr: 209.122.233.210
Sun Mar 28 23:16:10 1999 :: Loading Ryokan.
Sun Mar 28 23:16:10 1999 :: resolver_loop: Ryokan@209.122.233.210
Sun Mar 28 23:16:10 1999 :: resolv_done: Ryokan@209-122-233-210.s210.tnt5.sbo.ma.dialup.rcn.com
Sun Mar 28 23:16:12 1999 :: Loading Ryokan.
Sun Mar 28 23:16:12 1999 :: Ryokan@209-122-233-210.s210.tnt5.sbo.ma.dialup.rcn.com has connected.
Sun Mar 28 23:24:51 1999 :: deduct cost: Mercy: ch->silver (12) < silver (-50)
Sun Mar 28 23:24:51 1999 :: deduct cost: Mercy: ch->silver (0) < silver (-59)
Sun Mar 28 23:24:52 1999 :: deduct cost: Mercy: ch->silver (0) < silver (-50)
Sun Mar 28 23:24:52 1999 :: deduct cost: Mercy: ch->silver (0) < silver (-86)
Sun Mar 28 23:25:02 1999 :: deduct cost: Mercy: ch->silver (0) < silver (-50)
Sun Mar 28 23:25:02 1999 :: deduct cost: Mercy: ch->silver (0) < silver (-50)
Sun Mar 28 23:25:02 1999 :: deduct cost: Mercy: ch->silver (0) < silver (-66)
Sun Mar 28 23:25:02 1999 :: deduct cost: Mercy: ch->silver (0) < silver (-76)
Sun Mar 28 23:25:03 1999 :: deduct cost: Mercy: ch->silver (0) < silver (-78)
Sun Mar 28 23:25:38 1999 :: deduct cost: Mercy: ch->silver (0) < silver (-50)
Sun Mar 28 23:28:43 1999 :: sock.sinaddr: 152.172.155.30
Sun Mar 28 23:28:48 1999 :: resolver_loop: Nimbus@152.172.155.30
Sun Mar 28 23:28:48 1999 :: resolv_done: Nimbus@98AC9B1E.ipt.aol.com
Sun Mar 28 23:29:56 1999 :: EOF encountered on read.
Sun Mar 28 23:29:56 1999 :: Closing link to Nimbus.
Sun Mar 28 23:34:06 1999 :: [*****] BUG: Equip_char: already equipped (16).
Sun Mar 28 23:41:35 1999 :: Ryokan has quit.
Sun Mar 28 23:44:29 1999 :: Mercy has quit.
Mon Mar 29 00:04:06 1999 :: EOF encountered on read.
Mon Mar 29 00:04:06 1999 :: Closing link to Momo.
