Fri Jun 25 01:03:00 1999 :: spell_mana_transfer: not touched
Fri Jun 25 01:03:00 1999 :: spell_plant_form: not touched
Fri Jun 25 01:03:06 1999 :: fix_exits: 4121:0 -> 41212:2 -> 41213.
Fri Jun 25 01:03:06 1999 :: fix_exits: 120013:0 -> 120006:2 -> 120014.
Fri Jun 25 01:03:06 1999 :: fix_exits: 40202:3 -> 40206:1 -> 40207.
Fri Jun 25 01:03:06 1999 :: fix_exits: 40202:5 -> 40200:4 -> 40201.
Fri Jun 25 01:03:06 1999 :: fix_exits: 40203:4 -> 40205:5 -> 40204.
Fri Jun 25 01:03:06 1999 :: fix_exits: 40205:1 -> 40203:3 -> 40208.
Fri Jun 25 01:03:06 1999 :: fix_exits: 40206:4 -> 40202:5 -> 40200.
Fri Jun 25 01:03:06 1999 :: fix_exits: 297:3 -> 206:1 -> 205.
Fri Jun 25 01:03:06 1999 :: fix_exits: 33131:5 -> 3054:4 -> 1215.
Fri Jun 25 01:03:06 1999 :: fix_exits: 33176:0 -> 33176:2 -> 33178.
Fri Jun 25 01:03:06 1999 :: fix_exits: 9735:2 -> 9736:0 -> 17271.
Fri Jun 25 01:03:06 1999 :: fix_exits: 33302:1 -> 33304:3 -> 33306.
Fri Jun 25 01:03:06 1999 :: fix_exits: 33303:1 -> 33304:3 -> 33306.
Fri Jun 25 01:03:06 1999 :: fix_exits: 33306:0 -> 33304:2 -> 33305.
Fri Jun 25 01:03:06 1999 :: fix_exits: 33306:3 -> 33304:1 -> 33305.
Fri Jun 25 01:03:06 1999 :: fix_exits: 33307:1 -> 33305:3 -> 33304.
Fri Jun 25 01:03:06 1999 :: fix_exits: 33307:2 -> 33305:0 -> 33304.
Fri Jun 25 01:03:06 1999 :: fix_exits: 33307:3 -> 33304:1 -> 33305.
Fri Jun 25 01:03:06 1999 :: fix_exits: 33309:0 -> 33304:2 -> 33305.
Fri Jun 25 01:03:06 1999 :: fix_exits: 33309:1 -> 33306:3 -> 33304.
Fri Jun 25 01:03:06 1999 :: fix_exits: 33309:2 -> 33305:0 -> 33304.
Fri Jun 25 01:03:06 1999 :: fix_exits: 4716:2 -> 4708:0 -> 4717.
Fri Jun 25 01:03:06 1999 :: fix_exits: 27346:0 -> 27346:2 -> 27345.
Fri Jun 25 01:03:06 1999 :: fix_exits: 27347:3 -> 27346:1 -> 27349.
Fri Jun 25 01:03:06 1999 :: fix_exits: 27349:0 -> 27349:2 -> 27348.
Fri Jun 25 01:03:06 1999 :: fix_exits: 27352:0 -> 27352:2 -> 27351.
Fri Jun 25 01:03:06 1999 :: fix_exits: 27352:3 -> 27569:1 -> 27551.
Fri Jun 25 01:03:06 1999 :: fix_exits: 27355:2 -> 27391:0 -> 27356.
Fri Jun 25 01:03:06 1999 :: fix_exits: 13020:1 -> 13025:3 -> 13019.
Fri Jun 25 01:03:06 1999 :: fix_exits: 27363:0 -> 27537:2 -> 27557.
Fri Jun 25 01:03:06 1999 :: fix_exits: 27363:3 -> 27572:1 -> 27571.
Fri Jun 25 01:03:06 1999 :: fix_exits: 27365:0 -> 27536:2 -> 27566.
Fri Jun 25 01:03:06 1999 :: fix_exits: 27365:2 -> 27533:0 -> 27561.
Fri Jun 25 01:03:06 1999 :: fix_exits: 27366:2 -> 27533:0 -> 27561.
Fri Jun 25 01:03:06 1999 :: fix_exits: 27366:3 -> 27557:1 -> 27557.
Fri Jun 25 01:03:06 1999 :: fix_exits: 27367:0 -> 27555:2 -> 27552.
Fri Jun 25 01:03:06 1999 :: fix_exits: 27367:1 -> 27536:3 -> 27535.
Fri Jun 25 01:03:06 1999 :: fix_exits: 27368:0 -> 27560:2 -> 27561.
Fri Jun 25 01:03:06 1999 :: fix_exits: 27368:2 -> 27533:0 -> 27561.
Fri Jun 25 01:03:06 1999 :: fix_exits: 27369:0 -> 27537:2 -> 27557.
Fri Jun 25 01:03:06 1999 :: fix_exits: 27369:3 -> 27557:1 -> 27557.
Fri Jun 25 01:03:06 1999 :: fix_exits: 27370:1 -> 27533:3 -> 27536.
Fri Jun 25 01:03:06 1999 :: fix_exits: 27370:2 -> 27536:0 -> 27544.
Fri Jun 25 01:03:06 1999 :: fix_exits: 27371:0 -> 27557:2 -> 27558.
Fri Jun 25 01:03:06 1999 :: fix_exits: 27371:2 -> 27535:0 -> 27540.
Fri Jun 25 01:03:06 1999 :: fix_exits: 27372:2 -> 27534:0 -> 27542.
Fri Jun 25 01:03:06 1999 :: fix_exits: 27372:3 -> 27474:1 -> 27534.
Fri Jun 25 01:03:06 1999 :: fix_exits: 27373:1 -> 27557:3 -> 27533.
Fri Jun 25 01:03:06 1999 :: fix_exits: 27376:2 -> 27474:0 -> 27474.
Fri Jun 25 01:03:06 1999 :: fix_exits: 13053:2 -> 13052:0 -> 13052.
Fri Jun 25 01:03:06 1999 :: fix_exits: 27391:1 -> 27391:3 -> 27453.
Fri Jun 25 01:03:06 1999 :: fix_exits: 27391:2 -> 27391:0 -> 27356.
Fri Jun 25 01:03:06 1999 :: fix_exits: 27398:2 -> 27398:0 -> 27405.
Fri Jun 25 01:03:06 1999 :: fix_exits: 27412:0 -> 27412:2 -> 27409.
Fri Jun 25 01:03:06 1999 :: fix_exits: 27413:0 -> 27413:2 -> 27408.
Fri Jun 25 01:03:06 1999 :: fix_exits: 27419:3 -> 27419:1 -> 27425.
Fri Jun 25 01:03:06 1999 :: fix_exits: 27420:1 -> 27425:3 -> 27419.
Fri Jun 25 01:03:06 1999 :: fix_exits: 27420:3 -> 27420:1 -> 27425.
Fri Jun 25 01:03:06 1999 :: fix_exits: 27421:0 -> 27421:2 -> 27420.
Fri Jun 25 01:03:06 1999 :: fix_exits: 27421:1 -> 27425:3 -> 27419.
Fri Jun 25 01:03:06 1999 :: fix_exits: 27421:3 -> 27421:1 -> 27425.
Fri Jun 25 01:03:06 1999 :: fix_exits: 27432:3 -> 27432:1 -> 27431.
Fri Jun 25 01:03:06 1999 :: fix_exits: 27433:3 -> 27433:1 -> 27435.
Fri Jun 25 01:03:06 1999 :: fix_exits: 27434:0 -> 27434:2 -> 27433.
Fri Jun 25 01:03:06 1999 :: fix_exits: 27434:3 -> 27434:1 -> 27436.
Fri Jun 25 01:03:06 1999 :: fix_exits: 27435:1 -> 27430:3 -> 27431.
Fri Jun 25 01:03:06 1999 :: fix_exits: 27436:0 -> 27436:2 -> 27435.
Fri Jun 25 01:03:06 1999 :: fix_exits: 27436:1 -> 27430:3 -> 27431.
Fri Jun 25 01:03:06 1999 :: fix_exits: 27437:3 -> 27437:1 -> 27442.
Fri Jun 25 01:03:06 1999 :: fix_exits: 27438:3 -> 27438:1 -> 27441.
Fri Jun 25 01:03:06 1999 :: fix_exits: 27439:0 -> 27439:2 -> 27438.
Fri Jun 25 01:03:06 1999 :: fix_exits: 27439:3 -> 27439:1 -> 27440.
Fri Jun 25 01:03:06 1999 :: fix_exits: 27440:0 -> 27440:2 -> 27441.
Fri Jun 25 01:03:06 1999 :: fix_exits: 27444:1 -> 27447:3 -> 27443.
Fri Jun 25 01:03:06 1999 :: fix_exits: 27445:0 -> 27445:2 -> 27444.
Fri Jun 25 01:03:06 1999 :: fix_exits: 27445:1 -> 27447:3 -> 27443.
Fri Jun 25 01:03:06 1999 :: fix_exits: 27446:0 -> 27439:2 -> 27438.
Fri Jun 25 01:03:06 1999 :: fix_exits: 27447:0 -> 27439:2 -> 27438.
Fri Jun 25 01:03:06 1999 :: fix_exits: 27448:2 -> 27448:0 -> 27397.
Fri Jun 25 01:03:06 1999 :: fix_exits: 27448:3 -> 27448:1 -> 27449.
Fri Jun 25 01:03:06 1999 :: fix_exits: 27449:2 -> 27449:0 -> 27396.
Fri Jun 25 01:03:06 1999 :: fix_exits: 27455:1 -> 27455:3 -> 27456.
Fri Jun 25 01:03:06 1999 :: fix_exits: 27455:2 -> 27455:0 -> 27453.
Fri Jun 25 01:03:06 1999 :: fix_exits: 27456:2 -> 27456:0 -> 27452.
Fri Jun 25 01:03:06 1999 :: fix_exits: 27457:2 -> 27457:0 -> 27451.
Fri Jun 25 01:03:06 1999 :: fix_exits: 27458:2 -> 27458:0 -> 27450.
Fri Jun 25 01:03:06 1999 :: fix_exits: 27458:3 -> 27458:1 -> 27457.
Fri Jun 25 01:03:06 1999 :: fix_exits: 27464:1 -> 27464:3 -> 27510.
Fri Jun 25 01:03:06 1999 :: fix_exits: 27466:3 -> 27466:1 -> 27465.
Fri Jun 25 01:03:06 1999 :: fix_exits: 27470:0 -> 27470:2 -> 27469.
Fri Jun 25 01:03:06 1999 :: fix_exits: 27471:0 -> 27471:2 -> 27472.
Fri Jun 25 01:03:06 1999 :: fix_exits: 27473:0 -> 27473:2 -> 27511.
Fri Jun 25 01:03:06 1999 :: fix_exits: 27474:0 -> 27474:2 -> 27556.
Fri Jun 25 01:03:06 1999 :: fix_exits: 27474:3 -> 27547:1 -> 27547.
Fri Jun 25 01:03:06 1999 :: fix_exits: 27475:1 -> 27474:3 -> 27547.
Fri Jun 25 01:03:06 1999 :: fix_exits: 12124:1 -> 12154:3 -> 12154.
Fri Jun 25 01:03:06 1999 :: fix_exits: 12125:1 -> 12153:3 -> 12153.
Fri Jun 25 01:03:06 1999 :: fix_exits: 12126:3 -> 12152:1 -> 12152.
Fri Jun 25 01:03:06 1999 :: fix_exits: 27487:2 -> 27496:0 -> 27495.
Fri Jun 25 01:03:06 1999 :: fix_exits: 12127:3 -> 12151:1 -> 12151.
Fri Jun 25 01:03:06 1999 :: fix_exits: 27491:2 -> 27496:0 -> 27495.
Fri Jun 25 01:03:06 1999 :: fix_exits: 27491:3 -> 27496:1 -> 27487.
Fri Jun 25 01:03:06 1999 :: fix_exits: 27496:2 -> 27496:0 -> 27495.
Fri Jun 25 01:03:06 1999 :: fix_exits: 27497:3 -> 27497:1 -> 27496.
Fri Jun 25 01:03:06 1999 :: fix_exits: 27499:3 -> 27499:1 -> 27494.
Fri Jun 25 01:03:06 1999 :: fix_exits: 27500:3 -> 27500:1 -> 27493.
Fri Jun 25 01:03:06 1999 :: fix_exits: 27501:0 -> 27501:2 -> 27510.
Fri Jun 25 01:03:06 1999 :: fix_exits: 27502:3 -> 27502:1 -> 27498.
Fri Jun 25 01:03:06 1999 :: fix_exits: 27503:3 -> 27503:1 -> 27506.
Fri Jun 25 01:03:06 1999 :: fix_exits: 27504:0 -> 27504:2 -> 27503.
Fri Jun 25 01:03:06 1999 :: fix_exits: 27504:3 -> 27504:1 -> 27505.
Fri Jun 25 01:03:06 1999 :: fix_exits: 27505:0 -> 27505:2 -> 27506.
Fri Jun 25 01:03:06 1999 :: fix_exits: 27507:0 -> 27507:2 -> 27464.
Fri Jun 25 01:03:06 1999 :: fix_exits: 27507:1 -> 27507:3 -> 27501.
Fri Jun 25 01:03:06 1999 :: fix_exits: 27511:3 -> 27504:1 -> 27505.
Fri Jun 25 01:03:06 1999 :: fix_exits: 27518:2 -> 27391:0 -> 27356.
Fri Jun 25 01:03:06 1999 :: fix_exits: 27533:0 -> 27561:2 -> 27561.
Fri Jun 25 01:03:06 1999 :: fix_exits: 27533:2 -> 27533:0 -> 27561.
Fri Jun 25 01:03:06 1999 :: fix_exits: 27534:0 -> 27542:2 -> 27539.
Fri Jun 25 01:03:06 1999 :: fix_exits: 27535:0 -> 27540:2 -> 27565.
Fri Jun 25 01:03:06 1999 :: fix_exits: 27535:2 -> 27533:0 -> 27561.
Fri Jun 25 01:03:06 1999 :: fix_exits: 27536:0 -> 27544:2 -> 27544.
Fri Jun 25 01:03:06 1999 :: fix_exits: 27536:2 -> 27566:0 -> 27566.
Fri Jun 25 01:03:06 1999 :: fix_exits: 27537:0 -> 27549:2 -> 27565.
Fri Jun 25 01:03:06 1999 :: fix_exits: 27537:2 -> 27557:0 -> 27557.
Fri Jun 25 01:03:06 1999 :: fix_exits: 27537:3 -> 27572:1 -> 27571.
Fri Jun 25 01:03:06 1999 :: fix_exits: 27538:1 -> 27543:3 -> 27542.
Fri Jun 25 01:03:06 1999 :: fix_exits: 27538:2 -> 27534:0 -> 27542.
Fri Jun 25 01:03:06 1999 :: fix_exits: 27540:2 -> 27565:0 -> 27474.
Fri Jun 25 01:03:06 1999 :: fix_exits: 27540:3 -> 27559:1 -> 27536.
Fri Jun 25 01:03:06 1999 :: fix_exits: 27541:0 -> 27550:2 -> 27571.
Fri Jun 25 01:03:06 1999 :: fix_exits: 27541:3 -> 27536:1 -> 27533.
Fri Jun 25 01:03:06 1999 :: fix_exits: 27542:0 -> 27542:2 -> 27539.
Fri Jun 25 01:03:06 1999 :: fix_exits: 27543:0 -> 27533:2 -> 27533.
Fri Jun 25 01:03:06 1999 :: fix_exits: 27543:1 -> 27546:3 -> 27554.
Fri Jun 25 01:03:06 1999 :: fix_exits: 27544:2 -> 27544:0 -> 27543.
Fri Jun 25 01:03:06 1999 :: fix_exits: 27545:2 -> 27547:0 -> 27542.
Fri Jun 25 01:03:06 1999 :: fix_exits: 27546:1 -> 27572:3 -> 27573.
Fri Jun 25 01:03:06 1999 :: fix_exits: 27546:3 -> 27554:1 -> 27554.
Fri Jun 25 01:03:06 1999 :: fix_exits: 47002:5 -> 1220:4 -> 1221.
Fri Jun 25 01:03:06 1999 :: fix_exits: 27547:0 -> 27542:2 -> 27539.
Fri Jun 25 01:03:06 1999 :: fix_exits: 27547:1 -> 27547:3 -> 27548.
Fri Jun 25 01:03:06 1999 :: fix_exits: 27548:2 -> 27543:0 -> 27533.
Fri Jun 25 01:03:06 1999 :: fix_exits: 27549:0 -> 27552:2 -> 27552.
Fri Jun 25 01:03:06 1999 :: fix_exits: 27549:2 -> 27565:0 -> 27474.
Fri Jun 25 01:03:06 1999 :: fix_exits: 27550:2 -> 27571:0 -> 27568.
Fri Jun 25 01:03:06 1999 :: fix_exits: 27550:3 -> 27543:1 -> 27546.
Fri Jun 25 01:03:06 1999 :: fix_exits: 27551:0 -> 27545:2 -> 27547.
Fri Jun 25 01:03:06 1999 :: fix_exits: 27551:3 -> 27558:1 -> 27569.
Fri Jun 25 01:03:06 1999 :: fix_exits: 27552:0 -> 27543:2 -> 27544.
Fri Jun 25 01:03:06 1999 :: fix_exits: 27552:2 -> 27552:0 -> 27543.
Fri Jun 25 01:03:06 1999 :: fix_exits: 27553:1 -> 27562:3 -> 27546.
Fri Jun 25 01:03:06 1999 :: fix_exits: 27554:0 -> 27557:2 -> 27558.
Fri Jun 25 01:03:06 1999 :: fix_exits: 27554:1 -> 27554:3 -> 27555.
Fri Jun 25 01:03:06 1999 :: fix_exits: 27555:2 -> 27552:0 -> 27543.
Fri Jun 25 01:03:06 1999 :: fix_exits: 27556:2 -> 27551:0 -> 27545.
Fri Jun 25 01:03:06 1999 :: fix_exits: 27556:3 -> 27564:1 -> 27563.
Fri Jun 25 01:03:06 1999 :: fix_exits: 27557:0 -> 27557:2 -> 27558.
Fri Jun 25 01:03:06 1999 :: fix_exits: 27557:1 -> 27557:3 -> 27533.
Fri Jun 25 01:03:06 1999 :: fix_exits: 27558:1 -> 27569:3 -> 27568.
Fri Jun 25 01:03:06 1999 :: fix_exits: 27558:3 -> 27565:1 -> 27539.
Fri Jun 25 01:03:06 1999 :: fix_exits: 27559:1 -> 27536:3 -> 27535.
Fri Jun 25 01:03:06 1999 :: fix_exits: 27559:3 -> 27564:1 -> 27563.
Fri Jun 25 01:03:06 1999 :: fix_exits: 27560:1 -> 27540:3 -> 27559.
Fri Jun 25 01:03:06 1999 :: fix_exits: 27560:3 -> 27560:1 -> 27540.
Fri Jun 25 01:03:06 1999 :: fix_exits: 27561:1 -> 27551:3 -> 27558.
Fri Jun 25 01:03:06 1999 :: fix_exits: 27561:2 -> 27561:0 -> 27560.
Fri Jun 25 01:03:06 1999 :: fix_exits: 27562:2 -> 27570:0 -> 27569.
Fri Jun 25 01:03:06 1999 :: fix_exits: 27562:3 -> 27546:1 -> 27572.
Fri Jun 25 01:03:06 1999 :: fix_exits: 27564:1 -> 27563:3 -> 27563.
Fri Jun 25 01:03:06 1999 :: fix_exits: 27564:3 -> 27539:1 -> 27544.
Fri Jun 25 01:03:06 1999 :: fix_exits: 27565:0 -> 27474:2 -> 27556.
Fri Jun 25 01:03:06 1999 :: fix_exits: 27565:1 -> 27539:3 -> 27540.
Fri Jun 25 01:03:06 1999 :: fix_exits: 27566:0 -> 27566:2 -> 27567.
Fri Jun 25 01:03:06 1999 :: fix_exits: 27566:3 -> 27554:1 -> 27554.
Fri Jun 25 01:03:06 1999 :: fix_exits: 27567:1 -> 27564:3 -> 27539.
Fri Jun 25 01:03:06 1999 :: fix_exits: 27567:3 -> 27553:1 -> 27562.
Fri Jun 25 01:03:06 1999 :: fix_exits: 27569:0 -> 27569:2 -> 27570.
Fri Jun 25 01:03:06 1999 :: fix_exits: 27569:1 -> 27551:3 -> 27558.
Fri Jun 25 01:03:06 1999 :: fix_exits: 27570:1 -> 27352:3 -> 27569.
Fri Jun 25 01:03:06 1999 :: fix_exits: 27570:2 -> 27363:0 -> 27537.
Fri Jun 25 01:03:06 1999 :: fix_exits: 27571:2 -> 27556:0 -> 27474.
Fri Jun 25 01:03:06 1999 :: fix_exits: 50100:0 -> 50100:2 -> 50101.
Fri Jun 25 01:03:06 1999 :: fix_exits: 50100:3 -> 50100:1 -> 50005.
Fri Jun 25 01:03:06 1999 :: fix_exits: 27572:0 -> 27557:2 -> 27558.
Fri Jun 25 01:03:06 1999 :: fix_exits: 27572:2 -> 27368:0 -> 27560.
Fri Jun 25 01:03:06 1999 :: fix_exits: 50101:2 -> 50101:0 -> 50100.
Fri Jun 25 01:03:06 1999 :: fix_exits: 50101:3 -> 50100:1 -> 50005.
Fri Jun 25 01:03:06 1999 :: fix_exits: 27573:0 -> 27544:2 -> 27544.
Fri Jun 25 01:03:06 1999 :: fix_exits: 27573:2 -> 27369:0 -> 27537.
Fri Jun 25 01:03:06 1999 :: fix_exits: 27573:3 -> 27546:1 -> 27572.
Fri Jun 25 01:03:06 1999 :: fix_exits: 50102:0 -> 50103:2 -> 50103.
Fri Jun 25 01:03:06 1999 :: fix_exits: 50102:1 -> 50101:3 -> 50100.
Fri Jun 25 01:03:06 1999 :: fix_exits: 50102:2 -> 50102:0 -> 50103.
Fri Jun 25 01:03:06 1999 :: fix_exits: 27574:1 -> 27448:3 -> 27448.
Fri Jun 25 01:03:06 1999 :: fix_exits: 27574:2 -> 27574:0 -> 27399.
Fri Jun 25 01:03:06 1999 :: fix_exits: 27574:3 -> 27458:1 -> 27457.
Fri Jun 25 01:03:06 1999 :: fix_exits: 50103:0 -> 50102:2 -> 50102.
Fri Jun 25 01:03:06 1999 :: fix_exits: 50103:1 -> 50102:3 -> 50101.
Fri Jun 25 01:03:06 1999 :: fix_exits: 50103:2 -> 50103:0 -> 50102.
Fri Jun 25 01:03:06 1999 :: fix_exits: 50103:3 -> 50104:1 -> 50104.
Fri Jun 25 01:03:06 1999 :: fix_exits: 50104:0 -> 50104:2 -> 50103.
Fri Jun 25 01:03:06 1999 :: fix_exits: 50104:1 -> 50104:3 -> 50105.
Fri Jun 25 01:03:06 1999 :: fix_exits: 50104:2 -> 50103:0 -> 50102.
Fri Jun 25 01:03:06 1999 :: fix_exits: 50104:3 -> 50105:1 -> 50106.
Fri Jun 25 01:03:06 1999 :: fix_exits: 50105:0 -> 50104:2 -> 50103.
Fri Jun 25 01:03:06 1999 :: fix_exits: 50105:2 -> 50100:0 -> 50100.
Fri Jun 25 01:03:06 1999 :: fix_exits: 50105:3 -> 50104:1 -> 50104.
Fri Jun 25 01:03:06 1999 :: fix_exits: 50106:0 -> 50107:2 -> 50101.
Fri Jun 25 01:03:06 1999 :: fix_exits: 50106:1 -> 50101:3 -> 50100.
Fri Jun 25 01:03:06 1999 :: fix_exits: 50106:2 -> 50106:0 -> 50107.
Fri Jun 25 01:03:06 1999 :: fix_exits: 50107:0 -> 50105:2 -> 50100.
Fri Jun 25 01:03:06 1999 :: fix_exits: 50107:1 -> 50103:3 -> 50104.
Fri Jun 25 01:03:06 1999 :: fix_exits: 50107:2 -> 50101:0 -> 50100.
Fri Jun 25 01:03:06 1999 :: fix_exits: 50107:3 -> 50108:1 -> 50105.
Fri Jun 25 01:03:06 1999 :: fix_exits: 50108:0 -> 50106:2 -> 50106.
Fri Jun 25 01:03:06 1999 :: fix_exits: 50108:1 -> 50105:3 -> 50104.
Fri Jun 25 01:03:06 1999 :: fix_exits: 50108:2 -> 50109:0 -> 50107.
Fri Jun 25 01:03:06 1999 :: fix_exits: 50108:3 -> 50104:1 -> 50104.
Fri Jun 25 01:03:06 1999 :: fix_exits: 50109:0 -> 50107:2 -> 50101.
Fri Jun 25 01:03:06 1999 :: fix_exits: 50109:1 -> 50110:3 -> 50112.
Fri Jun 25 01:03:06 1999 :: fix_exits: 50109:2 -> 50107:0 -> 50105.
Fri Jun 25 01:03:06 1999 :: fix_exits: 50109:3 -> 50103:1 -> 50102.
Fri Jun 25 01:03:06 1999 :: fix_exits: 50110:0 -> 50111:2 -> 50108.
Fri Jun 25 01:03:06 1999 :: fix_exits: 50110:1 -> 50107:3 -> 50108.
Fri Jun 25 01:03:06 1999 :: fix_exits: 50110:2 -> 50102:0 -> 50103.
Fri Jun 25 01:03:06 1999 :: fix_exits: 50110:3 -> 50112:1 -> 50111.
Fri Jun 25 01:03:06 1999 :: fix_exits: 50111:0 -> 50103:2 -> 50103.
Fri Jun 25 01:03:06 1999 :: fix_exits: 50111:1 -> 50109:3 -> 50103.
Fri Jun 25 01:03:06 1999 :: fix_exits: 50111:2 -> 50108:0 -> 50106.
Fri Jun 25 01:03:06 1999 :: fix_exits: 50112:0 -> 50104:2 -> 50103.
Fri Jun 25 01:03:06 1999 :: fix_exits: 50112:2 -> 50113:0 -> 50106.
Fri Jun 25 01:03:06 1999 :: fix_exits: 50112:3 -> 50111:1 -> 50109.
Fri Jun 25 01:03:06 1999 :: fix_exits: 50113:0 -> 50106:2 -> 50106.
Fri Jun 25 01:03:06 1999 :: fix_exits: 50113:1 -> 50114:3 -> 50114.
Fri Jun 25 01:03:06 1999 :: fix_exits: 50113:2 -> 50103:0 -> 50102.
Fri Jun 25 01:03:06 1999 :: fix_exits: 50113:3 -> 50110:1 -> 50107.
Fri Jun 25 01:03:06 1999 :: fix_exits: 50114:0 -> 50115:2 -> 50111.
Fri Jun 25 01:03:06 1999 :: fix_exits: 50114:1 -> 50113:3 -> 50110.
Fri Jun 25 01:03:06 1999 :: fix_exits: 50114:2 -> 50109:0 -> 50107.
Fri Jun 25 01:03:06 1999 :: fix_exits: 50114:3 -> 50114:1 -> 50113.
Fri Jun 25 01:03:06 1999 :: fix_exits: 50115:0 -> 50108:2 -> 50109.
Fri Jun 25 01:03:06 1999 :: fix_exits: 50115:1 -> 50111:3 -> 50112.
Fri Jun 25 01:03:06 1999 :: fix_exits: 50115:2 -> 50111:0 -> 50103.
Fri Jun 25 01:03:06 1999 :: fix_exits: 50115:3 -> 50116:1 -> 50109.
Fri Jun 25 01:03:06 1999 :: fix_exits: 50116:0 -> 50110:2 -> 50102.
Fri Jun 25 01:03:06 1999 :: fix_exits: 50116:1 -> 50109:3 -> 50103.
Fri Jun 25 01:03:06 1999 :: fix_exits: 50116:2 -> 50117:0 -> 50112.
Fri Jun 25 01:03:06 1999 :: fix_exits: 50116:3 -> 50115:1 -> 50111.
Fri Jun 25 01:03:06 1999 :: fix_exits: 50117:0 -> 50112:2 -> 50113.
Fri Jun 25 01:03:06 1999 :: fix_exits: 50117:2 -> 50115:0 -> 50108.
Fri Jun 25 01:03:06 1999 :: fix_exits: 50117:3 -> 50116:1 -> 50109.
Fri Jun 25 01:03:06 1999 :: fix_exits: 50118:0 -> 50114:2 -> 50109.
Fri Jun 25 01:03:06 1999 :: fix_exits: 50118:1 -> 50111:3 -> 50112.
Fri Jun 25 01:03:06 1999 :: fix_exits: 50118:2 -> 50119:0 -> 50116.
Fri Jun 25 01:03:06 1999 :: fix_exits: 50119:0 -> 50116:2 -> 50117.
Fri Jun 25 01:03:06 1999 :: fix_exits: 50119:1 -> 50113:3 -> 50110.
Fri Jun 25 01:03:06 1999 :: fix_exits: 50119:2 -> 50117:0 -> 50112.
Fri Jun 25 01:03:06 1999 :: fix_exits: 50119:3 -> 50120:1 -> 50117.
Fri Jun 25 01:03:06 1999 :: fix_exits: 50120:1 -> 50117:3 -> 50116.
Fri Jun 25 01:03:06 1999 :: fix_exits: 50120:2 -> 50119:0 -> 50116.
Fri Jun 25 01:03:06 1999 :: fix_exits: 50120:3 -> 50118:1 -> 50111.
Fri Jun 25 01:03:06 1999 :: fix_exits: 50121:0 -> 50121:2 -> 50120.
Fri Jun 25 01:03:06 1999 :: fix_exits: 50121:1 -> 50122:3 -> 50120.
Fri Jun 25 01:03:06 1999 :: fix_exits: 50121:3 -> 50119:1 -> 50113.
Fri Jun 25 01:03:06 1999 :: fix_exits: 50122:0 -> 50123:2 -> 50117.
Fri Jun 25 01:03:06 1999 :: fix_exits: 50122:1 -> 50118:3 -> 50117.
Fri Jun 25 01:03:06 1999 :: fix_exits: 50122:2 -> 50119:0 -> 50116.
Fri Jun 25 01:03:06 1999 :: fix_exits: 50122:3 -> 50120:1 -> 50117.
Fri Jun 25 01:03:06 1999 :: fix_exits: 50123:0 -> 50115:2 -> 50111.
Fri Jun 25 01:03:06 1999 :: fix_exits: 50123:1 -> 50116:3 -> 50115.
Fri Jun 25 01:03:06 1999 :: fix_exits: 50123:2 -> 50117:0 -> 50112.
Fri Jun 25 01:03:06 1999 :: fix_exits: 50123:3 -> 50124:1 -> 50113.
Fri Jun 25 01:03:06 1999 :: fix_exits: 50124:0 -> 50112:2 -> 50113.
Fri Jun 25 01:03:06 1999 :: fix_exits: 50124:1 -> 50113:3 -> 50110.
Fri Jun 25 01:03:06 1999 :: fix_exits: 50124:3 -> 114:1 -> 109.
Fri Jun 25 01:03:12 1999 :: [*****] BUG: Affect_modify: unknown location 7.
Fri Jun 25 01:03:12 1999 :: [*****] BUG: Affect_modify: unknown location 7.
Fri Jun 25 01:03:12 1999 :: [*****] BUG: Equip_char: already equipped (14).
Fri Jun 25 01:03:12 1999 :: [*****] BUG: Affect_modify: unknown location 7.
Fri Jun 25 01:03:12 1999 :: [*****] BUG: Affect_modify: unknown location 7.
Fri Jun 25 01:03:12 1999 :: [*****] BUG: Affect_modify: unknown location 7.
Fri Jun 25 01:03:12 1999 :: [*****] BUG: Affect_modify: unknown location 7.
Fri Jun 25 01:03:12 1999 :: [*****] BUG: Equip_char: already equipped (16).
Fri Jun 25 01:03:12 1999 :: ready to rock on port 4000.
Fri Jun 25 01:03:12 1999 :: info service started on port 4001.
Fri Jun 25 01:04:05 1999 :: sock.sinaddr: 209.123.65.29
